<?xml version="1.0" encoding="UTF-8"?>
<testng-results skipped="0" failed="0" ignored="0" total="3" passed="3">
  <reporter-output>
  </reporter-output>
  <suite name="Suite" duration-ms="77552" started-at="2017-04-28T06:24:17Z" finished-at="2017-04-28T06:25:35Z">
    <groups>
    </groups>
    <test name="Test" duration-ms="77552" started-at="2017-04-28T06:24:17Z" finished-at="2017-04-28T06:25:35Z">
      <class name="com.scoqa.LoginM">
        <test-method status="PASS" signature="setUp()[pri:0, instance:com.scoqa.LoginM@7225790e]" name="setUp" is-config="true" duration-ms="3767" started-at="2017-04-28T11:54:17Z" finished-at="2017-04-28T11:54:21Z">
          <reporter-output>
          </reporter-output>
        </test-method> <!-- setUp -->
        <test-method status="PASS" signature="openUrl()[pri:0, instance:com.scoqa.LoginM@7225790e]" name="openUrl" is-config="true" duration-ms="16764" started-at="2017-04-28T11:54:23Z" finished-at="2017-04-28T11:54:39Z">
          <reporter-output>
          </reporter-output>
        </test-method> <!-- openUrl -->
        <test-method status="PASS" signature="login(java.lang.String, java.lang.String, java.lang.String, java.lang.String, java.lang.String)[pri:0, instance:com.scoqa.LoginM@7225790e]" name="login" duration-ms="4063" started-at="2017-04-28T11:54:39Z" data-provider="loginDP" finished-at="2017-04-28T11:54:44Z">
          <params>
            <param index="0">
              <value>
                <![CDATA[staff@shoretel.com]]>
              </value>
            </param>
            <param index="1">
              <value>
                <![CDATA[Abc123!!]]>
              </value>
            </param>
            <param index="2">
              <value>
                <![CDATA[TC_01]]>
              </value>
            </param>
            <param index="3">
              <value>
                <![CDATA[1]]>
              </value>
            </param>
            <param index="4">
              <value>
                <![CDATA[8]]>
              </value>
            </param>
          </params>
          <reporter-output>
          </reporter-output>
        </test-method> <!-- login -->
        <test-method status="PASS" signature="tearDown()[pri:0, instance:com.scoqa.LoginM@7225790e]" name="tearDown" is-config="true" duration-ms="109" started-at="2017-04-28T11:54:44Z" finished-at="2017-04-28T11:54:44Z">
          <reporter-output>
          </reporter-output>
        </test-method> <!-- tearDown -->
        <test-method status="PASS" signature="openUrl()[pri:0, instance:com.scoqa.LoginM@7225790e]" name="openUrl" is-config="true" duration-ms="16138" started-at="2017-04-28T11:54:45Z" finished-at="2017-04-28T11:55:01Z">
          <reporter-output>
          </reporter-output>
        </test-method> <!-- openUrl -->
        <test-method status="PASS" signature="logoff(java.lang.String, java.lang.String, java.lang.String, java.lang.String, java.lang.String)[pri:0, instance:com.scoqa.LoginM@7225790e]" name="logoff" duration-ms="7343" started-at="2017-04-28T11:55:01Z" data-provider="logoffDP" finished-at="2017-04-28T11:55:09Z">
          <params>
            <param index="0">
              <value>
                <![CDATA[staff@shoretel.com]]>
              </value>
            </param>
            <param index="1">
              <value>
                <![CDATA[Abc123!!]]>
              </value>
            </param>
            <param index="2">
              <value>
                <![CDATA[TC_03]]>
              </value>
            </param>
            <param index="3">
              <value>
                <![CDATA[3]]>
              </value>
            </param>
            <param index="4">
              <value>
                <![CDATA[8]]>
              </value>
            </param>
          </params>
          <reporter-output>
          </reporter-output>
        </test-method> <!-- logoff -->
        <test-method status="PASS" signature="tearDown()[pri:0, instance:com.scoqa.LoginM@7225790e]" name="tearDown" is-config="true" duration-ms="95" started-at="2017-04-28T11:55:09Z" finished-at="2017-04-28T11:55:09Z">
          <reporter-output>
          </reporter-output>
        </test-method> <!-- tearDown -->
        <test-method status="PASS" signature="openUrl()[pri:0, instance:com.scoqa.LoginM@7225790e]" name="openUrl" is-config="true" duration-ms="15174" started-at="2017-04-28T11:55:10Z" finished-at="2017-04-28T11:55:25Z">
          <reporter-output>
          </reporter-output>
        </test-method> <!-- openUrl -->
        <test-method status="PASS" signature="switchToTenant(java.lang.String, java.lang.String, java.lang.String, java.lang.String, java.lang.String, java.lang.String)[pri:0, instance:com.scoqa.LoginM@7225790e]" name="switchToTenant" duration-ms="9923" started-at="2017-04-28T11:55:25Z" data-provider="switchTenantDP" finished-at="2017-04-28T11:55:35Z">
          <params>
            <param index="0">
              <value>
                <![CDATA[staff@shoretel.com]]>
              </value>
            </param>
            <param index="1">
              <value>
                <![CDATA[Abc123!!]]>
              </value>
            </param>
            <param index="2">
              <value>
                <![CDATA[Global1]]>
              </value>
            </param>
            <param index="3">
              <value>
                <![CDATA[TC_02]]>
              </value>
            </param>
            <param index="4">
              <value>
                <![CDATA[2]]>
              </value>
            </param>
            <param index="5">
              <value>
                <![CDATA[8]]>
              </value>
            </param>
          </params>
          <reporter-output>
          </reporter-output>
        </test-method> <!-- switchToTenant -->
        <test-method status="PASS" signature="tearDown()[pri:0, instance:com.scoqa.LoginM@7225790e]" name="tearDown" is-config="true" duration-ms="71" started-at="2017-04-28T11:55:35Z" finished-at="2017-04-28T11:55:35Z">
          <reporter-output>
          </reporter-output>
        </test-method> <!-- tearDown -->
      </class> <!-- com.scoqa.LoginM -->
    </test> <!-- Test -->
  </suite> <!-- Suite -->
</testng-results>
