<?xml version="1.0" encoding="UTF-8"?>
<testsuite xmlns:xsi="http://www.w3.org/2001/XMLSchema-instance" xsi:schemaLocation="https://maven.apache.org/surefire/maven-surefire-plugin/xsd/surefire-test-report.xsd" name="TestSuite" time="43.828" tests="3" errors="0" skipped="0" failures="0">
  <properties>
[...]
</properties>
  <testcase name="login" classname="com.scoqa.LoginM" time="2.622"/>
  <testcase name="logoff" classname="com.scoqa.LoginM" time="7.432"/>
  <testcase name="switchToTenant" classname="com.scoqa.LoginM" time="9.217"/>
</testsuite>