<?xml version="1.0" encoding="UTF-8"?>
<testsuite xmlns:xsi="http://www.w3.org/2001/XMLSchema-instance" xsi:schemaLocation="https://maven.apache.org/surefire/maven-surefire-plugin/xsd/surefire-test-report.xsd" name="TestSuite" time="371.469" tests="3" errors="0" skipped="0" failures="0">
  <properties>
[...]
</properties>
  <testcase name="login" classname="com.scoqa.LoginM" time="10.498"/>
  <testcase name="logoff" classname="com.scoqa.LoginM" time="18.715"/>
  <testcase name="switchToTenant" classname="com.scoqa.LoginM" time="38.188"/>
</testsuite>