<?xml version="1.0" encoding="UTF-8"?>
<!-- Generated by org.testng.reporters.JUnitXMLReporter -->
<testsuite hostname="SUPAL-T440S" ignored="0" name="Test" tests="4" failures="0" timestamp="12 May 2017 10:19:16 GMT" time="127.293" errors="0">
  <testcase name="login" time="3.693" classname="com.scoqa.LoginM"/>
  <testcase name="switchToTenant" time="9.252" classname="com.scoqa.LoginM"/>
  <testcase name="userWithoutProfile" time="28.788" classname="com.scoqa.LoginM"/>
  <testcase name="logoff" time="7.217" classname="com.scoqa.LoginM"/>
</testsuite> <!-- Test -->
