<?xml version="1.0" encoding="UTF-8"?>
<testng-results skipped="0" failed="3" ignored="0" total="3" passed="0">
  <reporter-output>
  </reporter-output>
  <suite name="Default suite" duration-ms="113186" started-at="2017-04-30T18:27:02Z" finished-at="2017-04-30T18:28:56Z">
    <groups>
    </groups>
    <test name="Default test" duration-ms="113186" started-at="2017-04-30T18:27:02Z" finished-at="2017-04-30T18:28:56Z">
      <class name="com.scoqa.LoginM">
        <test-method status="PASS" signature="setUp()[pri:0, instance:com.scoqa.LoginM@cd2dae5]" name="setUp" is-config="true" duration-ms="3144" started-at="2017-04-30T23:57:02Z" finished-at="2017-04-30T23:57:05Z">
          <reporter-output>
          </reporter-output>
        </test-method> <!-- setUp -->
        <test-method status="PASS" signature="openUrl()[pri:0, instance:com.scoqa.LoginM@cd2dae5]" name="openUrl" is-config="true" duration-ms="77299" started-at="2017-04-30T23:57:07Z" finished-at="2017-04-30T23:58:24Z">
          <reporter-output>
          </reporter-output>
        </test-method> <!-- openUrl -->
        <test-method status="FAIL" signature="login(java.lang.String, java.lang.String, java.lang.String, java.lang.String, java.lang.String)[pri:0, instance:com.scoqa.LoginM@cd2dae5]" name="login" duration-ms="302" started-at="2017-04-30T23:58:24Z" data-provider="loginDP" finished-at="2017-04-30T23:58:25Z">
          <params>
            <param index="0">
              <value>
                <![CDATA[staff@shoretel.com]]>
              </value>
            </param>
            <param index="1">
              <value>
                <![CDATA[Abc123!!]]>
              </value>
            </param>
            <param index="2">
              <value>
                <![CDATA[TC_01]]>
              </value>
            </param>
            <param index="3">
              <value>
                <![CDATA[1]]>
              </value>
            </param>
            <param index="4">
              <value>
                <![CDATA[8]]>
              </value>
            </param>
          </params>
          <exception class="java.lang.Exception">
            <message>
              <![CDATA[This site can’t be reached -- Check network connectivity]]>
            </message>
            <full-stacktrace>
              <![CDATA[java.lang.Exception: This site can’t be reached -- Check network connectivity
	at com.scoqa.LoginM.login(LoginM.java:187)
	at sun.reflect.NativeMethodAccessorImpl.invoke0(Native Method)
	at sun.reflect.NativeMethodAccessorImpl.invoke(Unknown Source)
	at sun.reflect.DelegatingMethodAccessorImpl.invoke(Unknown Source)
	at java.lang.reflect.Method.invoke(Unknown Source)
	at org.testng.internal.MethodInvocationHelper.invokeMethod(MethodInvocationHelper.java:104)
	at org.testng.internal.Invoker.invokeMethod(Invoker.java:645)
	at org.testng.internal.Invoker.invokeTestMethod(Invoker.java:851)
	at org.testng.internal.Invoker.invokeTestMethods(Invoker.java:1177)
	at org.testng.internal.TestMethodWorker.invokeTestMethods(TestMethodWorker.java:129)
	at org.testng.internal.TestMethodWorker.run(TestMethodWorker.java:112)
	at org.testng.TestRunner.privateRun(TestRunner.java:756)
	at org.testng.TestRunner.run(TestRunner.java:610)
	at org.testng.SuiteRunner.runTest(SuiteRunner.java:387)
	at org.testng.SuiteRunner.runSequentially(SuiteRunner.java:382)
	at org.testng.SuiteRunner.privateRun(SuiteRunner.java:340)
	at org.testng.SuiteRunner.run(SuiteRunner.java:289)
	at org.testng.SuiteRunnerWorker.runSuite(SuiteRunnerWorker.java:52)
	at org.testng.SuiteRunnerWorker.run(SuiteRunnerWorker.java:86)
	at org.testng.TestNG.runSuitesSequentially(TestNG.java:1293)
	at org.testng.TestNG.runSuitesLocally(TestNG.java:1218)
	at org.testng.TestNG.runSuites(TestNG.java:1133)
	at org.testng.TestNG.run(TestNG.java:1104)
	at org.testng.remote.AbstractRemoteTestNG.run(AbstractRemoteTestNG.java:126)
	at org.testng.remote.RemoteTestNG.initAndRun(RemoteTestNG.java:152)
	at org.testng.remote.RemoteTestNG.main(RemoteTestNG.java:57)
]]>
            </full-stacktrace>
          </exception> <!-- java.lang.Exception -->
          <reporter-output>
          </reporter-output>
        </test-method> <!-- login -->
        <test-method status="PASS" signature="tearDown()[pri:0, instance:com.scoqa.LoginM@cd2dae5]" name="tearDown" is-config="true" duration-ms="42" started-at="2017-04-30T23:58:25Z" finished-at="2017-04-30T23:58:25Z">
          <reporter-output>
          </reporter-output>
        </test-method> <!-- tearDown -->
        <test-method status="PASS" signature="openUrl()[pri:0, instance:com.scoqa.LoginM@cd2dae5]" name="openUrl" is-config="true" duration-ms="13927" started-at="2017-04-30T23:58:27Z" finished-at="2017-04-30T23:58:41Z">
          <reporter-output>
          </reporter-output>
        </test-method> <!-- openUrl -->
        <test-method status="FAIL" signature="logoff(java.lang.String, java.lang.String, java.lang.String, java.lang.String, java.lang.String)[pri:0, instance:com.scoqa.LoginM@cd2dae5]" name="logoff" duration-ms="231" started-at="2017-04-30T23:58:41Z" data-provider="logoffDP" finished-at="2017-04-30T23:58:41Z">
          <params>
            <param index="0">
              <value>
                <![CDATA[staff@shoretel.com]]>
              </value>
            </param>
            <param index="1">
              <value>
                <![CDATA[Abc123!!]]>
              </value>
            </param>
            <param index="2">
              <value>
                <![CDATA[TC_03]]>
              </value>
            </param>
            <param index="3">
              <value>
                <![CDATA[3]]>
              </value>
            </param>
            <param index="4">
              <value>
                <![CDATA[8]]>
              </value>
            </param>
          </params>
          <exception class="java.lang.Exception">
            <message>
              <![CDATA[This site can’t be reached -- Check network connectivity]]>
            </message>
            <full-stacktrace>
              <![CDATA[java.lang.Exception: This site can’t be reached -- Check network connectivity
	at com.scoqa.LoginM.logoff(LoginM.java:377)
	at sun.reflect.NativeMethodAccessorImpl.invoke0(Native Method)
	at sun.reflect.NativeMethodAccessorImpl.invoke(Unknown Source)
	at sun.reflect.DelegatingMethodAccessorImpl.invoke(Unknown Source)
	at java.lang.reflect.Method.invoke(Unknown Source)
	at org.testng.internal.MethodInvocationHelper.invokeMethod(MethodInvocationHelper.java:104)
	at org.testng.internal.Invoker.invokeMethod(Invoker.java:645)
	at org.testng.internal.Invoker.invokeTestMethod(Invoker.java:851)
	at org.testng.internal.Invoker.invokeTestMethods(Invoker.java:1177)
	at org.testng.internal.TestMethodWorker.invokeTestMethods(TestMethodWorker.java:129)
	at org.testng.internal.TestMethodWorker.run(TestMethodWorker.java:112)
	at org.testng.TestRunner.privateRun(TestRunner.java:756)
	at org.testng.TestRunner.run(TestRunner.java:610)
	at org.testng.SuiteRunner.runTest(SuiteRunner.java:387)
	at org.testng.SuiteRunner.runSequentially(SuiteRunner.java:382)
	at org.testng.SuiteRunner.privateRun(SuiteRunner.java:340)
	at org.testng.SuiteRunner.run(SuiteRunner.java:289)
	at org.testng.SuiteRunnerWorker.runSuite(SuiteRunnerWorker.java:52)
	at org.testng.SuiteRunnerWorker.run(SuiteRunnerWorker.java:86)
	at org.testng.TestNG.runSuitesSequentially(TestNG.java:1293)
	at org.testng.TestNG.runSuitesLocally(TestNG.java:1218)
	at org.testng.TestNG.runSuites(TestNG.java:1133)
	at org.testng.TestNG.run(TestNG.java:1104)
	at org.testng.remote.AbstractRemoteTestNG.run(AbstractRemoteTestNG.java:126)
	at org.testng.remote.RemoteTestNG.initAndRun(RemoteTestNG.java:152)
	at org.testng.remote.RemoteTestNG.main(RemoteTestNG.java:57)
]]>
            </full-stacktrace>
          </exception> <!-- java.lang.Exception -->
          <reporter-output>
          </reporter-output>
        </test-method> <!-- logoff -->
        <test-method status="PASS" signature="tearDown()[pri:0, instance:com.scoqa.LoginM@cd2dae5]" name="tearDown" is-config="true" duration-ms="55" started-at="2017-04-30T23:58:41Z" finished-at="2017-04-30T23:58:41Z">
          <reporter-output>
          </reporter-output>
        </test-method> <!-- tearDown -->
        <test-method status="PASS" signature="openUrl()[pri:0, instance:com.scoqa.LoginM@cd2dae5]" name="openUrl" is-config="true" duration-ms="13559" started-at="2017-04-30T23:58:42Z" finished-at="2017-04-30T23:58:55Z">
          <reporter-output>
          </reporter-output>
        </test-method> <!-- openUrl -->
        <test-method status="FAIL" signature="switchToTenant(java.lang.String, java.lang.String, java.lang.String, java.lang.String, java.lang.String, java.lang.String)[pri:0, instance:com.scoqa.LoginM@cd2dae5]" name="switchToTenant" duration-ms="198" started-at="2017-04-30T23:58:55Z" data-provider="switchTenantDP" finished-at="2017-04-30T23:58:55Z">
          <params>
            <param index="0">
              <value>
                <![CDATA[staff@shoretel.com]]>
              </value>
            </param>
            <param index="1">
              <value>
                <![CDATA[Abc123!!]]>
              </value>
            </param>
            <param index="2">
              <value>
                <![CDATA[Global1]]>
              </value>
            </param>
            <param index="3">
              <value>
                <![CDATA[TC_02]]>
              </value>
            </param>
            <param index="4">
              <value>
                <![CDATA[2]]>
              </value>
            </param>
            <param index="5">
              <value>
                <![CDATA[8]]>
              </value>
            </param>
          </params>
          <exception class="java.lang.Exception">
            <message>
              <![CDATA[This site can’t be reached -- Check network connectivity]]>
            </message>
            <full-stacktrace>
              <![CDATA[java.lang.Exception: This site can’t be reached -- Check network connectivity
	at com.scoqa.LoginM.switchToTenant(LoginM.java:305)
	at sun.reflect.NativeMethodAccessorImpl.invoke0(Native Method)
	at sun.reflect.NativeMethodAccessorImpl.invoke(Unknown Source)
	at sun.reflect.DelegatingMethodAccessorImpl.invoke(Unknown Source)
	at java.lang.reflect.Method.invoke(Unknown Source)
	at org.testng.internal.MethodInvocationHelper.invokeMethod(MethodInvocationHelper.java:104)
	at org.testng.internal.Invoker.invokeMethod(Invoker.java:645)
	at org.testng.internal.Invoker.invokeTestMethod(Invoker.java:851)
	at org.testng.internal.Invoker.invokeTestMethods(Invoker.java:1177)
	at org.testng.internal.TestMethodWorker.invokeTestMethods(TestMethodWorker.java:129)
	at org.testng.internal.TestMethodWorker.run(TestMethodWorker.java:112)
	at org.testng.TestRunner.privateRun(TestRunner.java:756)
	at org.testng.TestRunner.run(TestRunner.java:610)
	at org.testng.SuiteRunner.runTest(SuiteRunner.java:387)
	at org.testng.SuiteRunner.runSequentially(SuiteRunner.java:382)
	at org.testng.SuiteRunner.privateRun(SuiteRunner.java:340)
	at org.testng.SuiteRunner.run(SuiteRunner.java:289)
	at org.testng.SuiteRunnerWorker.runSuite(SuiteRunnerWorker.java:52)
	at org.testng.SuiteRunnerWorker.run(SuiteRunnerWorker.java:86)
	at org.testng.TestNG.runSuitesSequentially(TestNG.java:1293)
	at org.testng.TestNG.runSuitesLocally(TestNG.java:1218)
	at org.testng.TestNG.runSuites(TestNG.java:1133)
	at org.testng.TestNG.run(TestNG.java:1104)
	at org.testng.remote.AbstractRemoteTestNG.run(AbstractRemoteTestNG.java:126)
	at org.testng.remote.RemoteTestNG.initAndRun(RemoteTestNG.java:152)
	at org.testng.remote.RemoteTestNG.main(RemoteTestNG.java:57)
]]>
            </full-stacktrace>
          </exception> <!-- java.lang.Exception -->
          <reporter-output>
          </reporter-output>
        </test-method> <!-- switchToTenant -->
        <test-method status="PASS" signature="tearDown()[pri:0, instance:com.scoqa.LoginM@cd2dae5]" name="tearDown" is-config="true" duration-ms="89" started-at="2017-04-30T23:58:55Z" finished-at="2017-04-30T23:58:56Z">
          <reporter-output>
          </reporter-output>
        </test-method> <!-- tearDown -->
      </class> <!-- com.scoqa.LoginM -->
    </test> <!-- Default test -->
  </suite> <!-- Default suite -->
</testng-results>
