<?xml version="1.0" encoding="UTF-8"?>
<testng-results skipped="0" failed="0" ignored="0" total="3" passed="3">
  <reporter-output>
  </reporter-output>
  <suite name="Default suite" duration-ms="239004" started-at="2017-04-29T10:33:01Z" finished-at="2017-04-29T10:37:00Z">
    <groups>
    </groups>
    <test name="Default test" duration-ms="239004" started-at="2017-04-29T10:33:01Z" finished-at="2017-04-29T10:37:00Z">
      <class name="com.scoqa.LoginM">
        <test-method status="PASS" signature="setUp()[pri:0, instance:com.scoqa.LoginM@cd2dae5]" name="setUp" is-config="true" duration-ms="2664" started-at="2017-04-29T16:03:01Z" finished-at="2017-04-29T16:03:04Z">
          <reporter-output>
          </reporter-output>
        </test-method> <!-- setUp -->
        <test-method status="PASS" signature="openUrl()[pri:0, instance:com.scoqa.LoginM@cd2dae5]" name="openUrl" is-config="true" duration-ms="53714" started-at="2017-04-29T16:03:05Z" finished-at="2017-04-29T16:03:59Z">
          <reporter-output>
          </reporter-output>
        </test-method> <!-- openUrl -->
        <test-method status="PASS" signature="login(java.lang.String, java.lang.String, java.lang.String, java.lang.String, java.lang.String)[pri:0, instance:com.scoqa.LoginM@cd2dae5]" name="login" duration-ms="13893" started-at="2017-04-29T16:03:59Z" data-provider="loginDP" finished-at="2017-04-29T16:04:13Z">
          <params>
            <param index="0">
              <value>
                <![CDATA[staff@shoretel.com]]>
              </value>
            </param>
            <param index="1">
              <value>
                <![CDATA[Abc123!!]]>
              </value>
            </param>
            <param index="2">
              <value>
                <![CDATA[TC_01]]>
              </value>
            </param>
            <param index="3">
              <value>
                <![CDATA[1]]>
              </value>
            </param>
            <param index="4">
              <value>
                <![CDATA[8]]>
              </value>
            </param>
          </params>
          <reporter-output>
          </reporter-output>
        </test-method> <!-- login -->
        <test-method status="PASS" signature="tearDown()[pri:0, instance:com.scoqa.LoginM@cd2dae5]" name="tearDown" is-config="true" duration-ms="69" started-at="2017-04-29T16:04:13Z" finished-at="2017-04-29T16:04:13Z">
          <reporter-output>
          </reporter-output>
        </test-method> <!-- tearDown -->
        <test-method status="PASS" signature="openUrl()[pri:0, instance:com.scoqa.LoginM@cd2dae5]" name="openUrl" is-config="true" duration-ms="40522" started-at="2017-04-29T16:04:14Z" finished-at="2017-04-29T16:04:55Z">
          <reporter-output>
          </reporter-output>
        </test-method> <!-- openUrl -->
        <test-method status="PASS" signature="logoff(java.lang.String, java.lang.String, java.lang.String, java.lang.String, java.lang.String)[pri:0, instance:com.scoqa.LoginM@cd2dae5]" name="logoff" duration-ms="20078" started-at="2017-04-29T16:04:55Z" data-provider="logoffDP" finished-at="2017-04-29T16:05:15Z">
          <params>
            <param index="0">
              <value>
                <![CDATA[staff@shoretel.com]]>
              </value>
            </param>
            <param index="1">
              <value>
                <![CDATA[Abc123!!]]>
              </value>
            </param>
            <param index="2">
              <value>
                <![CDATA[TC_03]]>
              </value>
            </param>
            <param index="3">
              <value>
                <![CDATA[3]]>
              </value>
            </param>
            <param index="4">
              <value>
                <![CDATA[8]]>
              </value>
            </param>
          </params>
          <reporter-output>
          </reporter-output>
        </test-method> <!-- logoff -->
        <test-method status="PASS" signature="tearDown()[pri:0, instance:com.scoqa.LoginM@cd2dae5]" name="tearDown" is-config="true" duration-ms="56" started-at="2017-04-29T16:05:15Z" finished-at="2017-04-29T16:05:15Z">
          <reporter-output>
          </reporter-output>
        </test-method> <!-- tearDown -->
        <test-method status="PASS" signature="openUrl()[pri:0, instance:com.scoqa.LoginM@cd2dae5]" name="openUrl" is-config="true" duration-ms="74112" started-at="2017-04-29T16:05:16Z" finished-at="2017-04-29T16:06:30Z">
          <reporter-output>
          </reporter-output>
        </test-method> <!-- openUrl -->
        <test-method status="PASS" signature="switchToTenant(java.lang.String, java.lang.String, java.lang.String, java.lang.String, java.lang.String, java.lang.String)[pri:0, instance:com.scoqa.LoginM@cd2dae5]" name="switchToTenant" duration-ms="30482" started-at="2017-04-29T16:06:30Z" data-provider="switchTenantDP" finished-at="2017-04-29T16:07:00Z">
          <params>
            <param index="0">
              <value>
                <![CDATA[staff@shoretel.com]]>
              </value>
            </param>
            <param index="1">
              <value>
                <![CDATA[Abc123!!]]>
              </value>
            </param>
            <param index="2">
              <value>
                <![CDATA[Global1]]>
              </value>
            </param>
            <param index="3">
              <value>
                <![CDATA[TC_02]]>
              </value>
            </param>
            <param index="4">
              <value>
                <![CDATA[2]]>
              </value>
            </param>
            <param index="5">
              <value>
                <![CDATA[8]]>
              </value>
            </param>
          </params>
          <reporter-output>
          </reporter-output>
        </test-method> <!-- switchToTenant -->
        <test-method status="PASS" signature="tearDown()[pri:0, instance:com.scoqa.LoginM@cd2dae5]" name="tearDown" is-config="true" duration-ms="66" started-at="2017-04-29T16:07:00Z" finished-at="2017-04-29T16:07:00Z">
          <reporter-output>
          </reporter-output>
        </test-method> <!-- tearDown -->
      </class> <!-- com.scoqa.LoginM -->
    </test> <!-- Default test -->
  </suite> <!-- Default suite -->
</testng-results>
