<?xml version="1.0" encoding="UTF-8"?>
<!-- Generated by org.testng.reporters.JUnitXMLReporter -->
<testsuite hostname="SUPAL-T440S" ignored="0" name="Default test" tests="3" failures="0" timestamp="29 Apr 2017 10:37:00 GMT" time="239.004" errors="0">
  <testcase name="login" time="13.893" classname="com.scoqa.LoginM"/>
  <testcase name="logoff" time="20.078" classname="com.scoqa.LoginM"/>
  <testcase name="switchToTenant" time="30.482" classname="com.scoqa.LoginM"/>
</testsuite> <!-- Default test -->
